[11-Jan-2022 09:04:06 Europe/Berlin] Enabled PHP logging
[11-Jan-2022 09:04:06 Europe/Berlin] Enabled PHP logging
Logger:         	MadelineProto
Logger:         	Copyright (C) 2016-2020 Daniil Gentili
Logger:         	Licensed under AGPLv3
Logger:         	https://github.com/danog/MadelineProto
Serialization:  	Got exclusive session lock!
[11-Jan-2022 09:04:07 Europe/Berlin] Enabled PHP logging
[11-Jan-2022 09:04:07 Europe/Berlin] Enabled PHP logging
[11-Jan-2022 09:04:07 Europe/Berlin] Enabled PHP logging
[11-Jan-2022 09:04:07 Europe/Berlin] Enabled PHP logging
DataCenter, 1805274472:     	Disconnecting all before reconnect!
DataCenterConnection, 1805274472: 	Disconnecting from shared DC 
DataCenterConnection, 1805274472: 	Backed up 0, added to 0 existing messages) from DC 
DataCenter, 1805274472:     	Disconnecting all before reconnect!
DataCenterConnection, 1805274472: 	Disconnecting from shared DC 
DataCenterConnection, 1805274472: 	Backed up 0, added to 0 existing messages) from DC 
DataCenter, 1805274472:     	Disconnecting all before reconnect!
DataCenterConnection, 1805274472: 	Disconnecting from shared DC 
DataCenterConnection, 1805274472: 	Backed up 0, added to 0 existing messages) from DC 
DataCenter, 1805274472:     	Disconnecting all before reconnect!
DataCenterConnection, 1805274472: 	Disconnecting from shared DC 
DataCenterConnection, 1805274472: 	Backed up 0, added to 0 existing messages) from DC 
DataCenter, 1805274472:     	Disconnecting all before reconnect!
DataCenterConnection, 1805274472: 	Disconnecting from shared DC 
DataCenterConnection, 1805274472: 	Backed up 0, added to 0 existing messages) from DC 
DataCenter, 1805274472:     	Disconnecting all before reconnect!
DataCenterConnection, 1805274472: 	Disconnecting from shared DC 
DataCenterConnection, 1805274472: 	Backed up 0, added to 0 existing messages) from DC 
DataCenter, 1805274472:     	Disconnecting all before reconnect!
DataCenterConnection, 1805274472: 	Disconnecting from shared DC 
DataCenterConnection, 1805274472: 	Backed up 0, added to 0 existing messages) from DC 
DataCenter, 1805274472:     	Disconnecting all before reconnect!
DataCenterConnection, 1805274472: 	Disconnecting from shared DC 
DataCenterConnection, 1805274472: 	Backed up 0, added to 0 existing messages) from DC 
DataCenter, 1805274472:     	Reconnecting to DC 2 (-1) from existing
DataCenterConnection, 1805274472: 	Trying shared connection via tcp://149.154.167.51:443 main DC 2, via ipv4 using AbridgedStream => BufferedRawStream => DefaultStream (-1)
Connection, 1805274472:     	Connecting to DC 2.0
Session, 1805274472:        	Resetting session in DC 2.0...
DataCenter, 1805274472:     	Reconnecting to DC 1 (-1) from existing
DataCenterConnection, 1805274472: 	Trying shared connection via tcp://149.154.175.50:443 main DC 1, via ipv4 using AbridgedStream => BufferedRawStream => DefaultStream (-1)
Connection, 1805274472:     	Connecting to DC 1.0
Session, 1805274472:        	Resetting session in DC 1.0...
DataCenter, 1805274472:     	Reconnecting to DC 2_media (-1) from existing
DataCenterConnection, 1805274472: 	Trying shared connection via tcp://149.154.167.151:443 main DC 2_media, via ipv4 using AbridgedStream => BufferedRawStream => DefaultStream (-1)
Connection, 1805274472:     	Connecting to DC 2_media.0
Session, 1805274472:        	Resetting session in DC 2_media.0...
DataCenter, 1805274472:     	Reconnecting to DC 3 (-1) from existing
DataCenterConnection, 1805274472: 	Trying shared connection via tcp://149.154.175.100:443 main DC 3, via ipv4 using AbridgedStream => BufferedRawStream => DefaultStream (-1)
Connection, 1805274472:     	Connecting to DC 3.0
Session, 1805274472:        	Resetting session in DC 3.0...
DataCenter, 1805274472:     	Reconnecting to DC 4 (-1) from existing
DataCenterConnection, 1805274472: 	Trying shared connection via tcp://149.154.167.91:443 main DC 4, via ipv4 using AbridgedStream => BufferedRawStream => DefaultStream (-1)
Connection, 1805274472:     	Connecting to DC 4.0
Session, 1805274472:        	Resetting session in DC 4.0...
DataCenter, 1805274472:     	Reconnecting to DC 4_media (-1) from existing
DataCenterConnection, 1805274472: 	Trying shared connection via tcp://149.154.165.136:443 main DC 4_media, via ipv4 using AbridgedStream => BufferedRawStream => DefaultStream (-1)
Connection, 1805274472:     	Connecting to DC 4_media.0
Session, 1805274472:        	Resetting session in DC 4_media.0...
DataCenter, 1805274472:     	Reconnecting to DC 5 (-1) from existing
DataCenterConnection, 1805274472: 	Trying shared connection via tcp://91.108.56.168:443 main DC 5, via ipv4 using AbridgedStream => BufferedRawStream => DefaultStream (-1)
Connection, 1805274472:     	Connecting to DC 5.0
Session, 1805274472:        	Resetting session in DC 5.0...
DataCenter, 1805274472:     	Reconnecting to DC 203_cdn (-1) from existing
DataCenterConnection, 1805274472: 	Trying shared connection via tcp://91.105.192.100:443 main DC 203_cdn, via ipv4 using AbridgedStream => BufferedRawStream => DefaultStream (-1)
Connection, 1805274472:     	Connecting to DC 203_cdn.0
Session, 1805274472:        	Resetting session in DC 203_cdn.0...
Connection, 1805274472:     	Connected to DC 203_cdn.0!
Connection, 1805274472:     	Connecting to DC 203_cdn.1
Session, 1805274472:        	Resetting session in DC 203_cdn.1...
Connection, 1805274472:     	Connected to DC 2.0!
DataCenterConnection, 1805274472: 	Restoring 0 messages to DC 2
DataCenter, 1805274472:     	OK!
Connection, 1805274472:     	Connected to DC 2_media.0!
Connection, 1805274472:     	Connecting to DC 2_media.1
Session, 1805274472:        	Resetting session in DC 2_media.1...
Connection, 1805274472:     	Connected to DC 4.0!
DataCenterConnection, 1805274472: 	Restoring 0 messages to DC 4
DataCenter, 1805274472:     	OK!
Connection, 1805274472:     	Connected to DC 4_media.0!
Connection, 1805274472:     	Connecting to DC 4_media.1
Session, 1805274472:        	Resetting session in DC 4_media.1...
Connection, 1805274472:     	Connected to DC 203_cdn.1!
Connection, 1805274472:     	Connecting to DC 203_cdn.2
Session, 1805274472:        	Resetting session in DC 203_cdn.2...
Connection, 1805274472:     	Connected to DC 203_cdn.2!
Connection, 1805274472:     	Connecting to DC 203_cdn.3
Session, 1805274472:        	Resetting session in DC 203_cdn.3...
Connection, 1805274472:     	Connected to DC 203_cdn.3!
Connection, 1805274472:     	Connecting to DC 203_cdn.4
Session, 1805274472:        	Resetting session in DC 203_cdn.4...
Connection, 1805274472:     	Connected to DC 2_media.1!
Connection, 1805274472:     	Connecting to DC 2_media.2
Session, 1805274472:        	Resetting session in DC 2_media.2...
Connection, 1805274472:     	Connected to DC 4_media.1!
Connection, 1805274472:     	Connecting to DC 4_media.2
Session, 1805274472:        	Resetting session in DC 4_media.2...
Connection, 1805274472:     	Connected to DC 203_cdn.4!
DataCenterConnection, 1805274472: 	Restoring 0 messages to DC 203_cdn
DataCenter, 1805274472:     	OK!
Connection, 1805274472:     	Connected to DC 4_media.2!
Connection, 1805274472:     	Connecting to DC 4_media.3
Session, 1805274472:        	Resetting session in DC 4_media.3...
Connection, 1805274472:     	Connected to DC 2_media.2!
Connection, 1805274472:     	Connecting to DC 2_media.3
Session, 1805274472:        	Resetting session in DC 2_media.3...
Connection, 1805274472:     	Connected to DC 4_media.3!
Connection, 1805274472:     	Connecting to DC 4_media.4
Session, 1805274472:        	Resetting session in DC 4_media.4...
Connection, 1805274472:     	Connected to DC 2_media.3!
Connection, 1805274472:     	Connecting to DC 2_media.4
Session, 1805274472:        	Resetting session in DC 2_media.4...
Connection, 1805274472:     	Connected to DC 5.0!
DataCenterConnection, 1805274472: 	Restoring 0 messages to DC 5
DataCenter, 1805274472:     	OK!
Connection, 1805274472:     	Connected to DC 1.0!
DataCenterConnection, 1805274472: 	Restoring 0 messages to DC 1
DataCenter, 1805274472:     	OK!
Connection, 1805274472:     	Connected to DC 3.0!
DataCenterConnection, 1805274472: 	Restoring 0 messages to DC 3
DataCenter, 1805274472:     	OK!
Connection, 1805274472:     	Connected to DC 4_media.4!
DataCenterConnection, 1805274472: 	Restoring 0 messages to DC 4_media
DataCenter, 1805274472:     	OK!
Connection, 1805274472:     	Connected to DC 2_media.4!
DataCenterConnection, 1805274472: 	Restoring 0 messages to DC 2_media
DataCenter, 1805274472:     	OK!
MTProto, 1805274472:        	Initing authorization...
MTProto, 1805274472:        	Initing authorization DC 2...
MTProto, 1805274472:        	Done initing authorization DC 2
MTProto, 1805274472:        	Initing authorization DC 1...
MTProto, 1805274472:        	Done initing authorization DC 1
MTProto, 1805274472:        	Initing authorization DC 3...
MTProto, 1805274472:        	Done initing authorization DC 3
MTProto, 1805274472:        	Initing authorization DC 4...
MTProto, 1805274472:        	Done initing authorization DC 4
MTProto, 1805274472:        	Initing authorization DC 5...
MTProto, 1805274472:        	Done initing authorization DC 5
MTProto, 1805274472:        	Initing authorization DC 203_cdn...
AuthKeyHandler, 1805274472: 	Generating temporary authorization key for DC 203_cdn...
AuthKeyHandler, 1805274472: 	Requesting pq...
ResponseHandler, 1805274472: 	Trying to assign a response of type ResPQ to its request...
ResponseHandler, 1805274472: 	Does the request of return type ResPQ match?
ResponseHandler, 1805274472: 	Yes
AuthKeyHandler, 1805274472: 	Could not find required CDN public key, postponing CDN handshake...
MTProto, 1805274472:        	Done initing authorization DC 203_cdn
MTProto, 1805274472:        	Initing authorization DC 2_media...
MTProto, 1805274472:        	Done initing authorization DC 2_media
MTProto, 1805274472:        	Initing authorization DC 4_media...
MTProto, 1805274472:        	Done initing authorization DC 4_media
DataCenter, 1805274472:     	Reconnecting to DC 2 (-1) from existing
DataCenterConnection, 1805274472: 	Trying shared connection via tcp://149.154.167.51:443 main DC 2, via ipv4 using AbridgedStream => BufferedRawStream => DefaultStream (-1)
DataCenterConnection, 1805274472: 	Already connected!
DataCenter, 1805274472:     	OK!
DataCenter, 1805274472:     	Reconnecting to DC 1 (-1) from existing
DataCenterConnection, 1805274472: 	Trying shared connection via tcp://149.154.175.50:443 main DC 1, via ipv4 using AbridgedStream => BufferedRawStream => DefaultStream (-1)
DataCenterConnection, 1805274472: 	Already connected!
DataCenter, 1805274472:     	OK!
DataCenter, 1805274472:     	Reconnecting to DC 2_media (-1) from existing
DataCenterConnection, 1805274472: 	Trying shared connection via tcp://149.154.167.151:443 main DC 2_media, via ipv4 using AbridgedStream => BufferedRawStream => DefaultStream (-1)
DataCenterConnection, 1805274472: 	Already connected!
DataCenter, 1805274472:     	OK!
DataCenter, 1805274472:     	Reconnecting to DC 3 (-1) from existing
DataCenterConnection, 1805274472: 	Trying shared connection via tcp://149.154.175.100:443 main DC 3, via ipv4 using AbridgedStream => BufferedRawStream => DefaultStream (-1)
DataCenterConnection, 1805274472: 	Already connected!
DataCenter, 1805274472:     	OK!
DataCenter, 1805274472:     	Reconnecting to DC 4 (-1) from existing
DataCenterConnection, 1805274472: 	Trying shared connection via tcp://149.154.167.91:443 main DC 4, via ipv4 using AbridgedStream => BufferedRawStream => DefaultStream (-1)
DataCenterConnection, 1805274472: 	Already connected!
DataCenter, 1805274472:     	OK!
DataCenter, 1805274472:     	Reconnecting to DC 4_media (-1) from existing
DataCenterConnection, 1805274472: 	Trying shared connection via tcp://149.154.165.136:443 main DC 4_media, via ipv4 using AbridgedStream => BufferedRawStream => DefaultStream (-1)
DataCenterConnection, 1805274472: 	Already connected!
DataCenter, 1805274472:     	OK!
DataCenter, 1805274472:     	Reconnecting to DC 5 (-1) from existing
DataCenterConnection, 1805274472: 	Trying shared connection via tcp://91.108.56.168:443 main DC 5, via ipv4 using AbridgedStream => BufferedRawStream => DefaultStream (-1)
DataCenterConnection, 1805274472: 	Already connected!
DataCenter, 1805274472:     	OK!
DataCenter, 1805274472:     	Reconnecting to DC 203_cdn (-1) from existing
DataCenterConnection, 1805274472: 	Trying shared connection via tcp://91.105.192.100:443 main DC 203_cdn, via ipv4 using AbridgedStream => BufferedRawStream => DefaultStream (-1)
DataCenterConnection, 1805274472: 	Already connected!
DataCenter, 1805274472:     	OK!
MTProto, 1805274472:        	Initing authorization...
MTProto, 1805274472:        	Initing authorization DC 2...
MTProto, 1805274472:        	Done initing authorization DC 2
MTProto, 1805274472:        	Initing authorization DC 1...
MTProto, 1805274472:        	Done initing authorization DC 1
MTProto, 1805274472:        	Initing authorization DC 3...
MTProto, 1805274472:        	Done initing authorization DC 3
MTProto, 1805274472:        	Initing authorization DC 4...
MTProto, 1805274472:        	Done initing authorization DC 4
MTProto, 1805274472:        	Initing authorization DC 5...
MTProto, 1805274472:        	Done initing authorization DC 5
MTProto, 1805274472:        	Initing authorization DC 203_cdn...
AuthKeyHandler, 1805274472: 	Generating temporary authorization key for DC 203_cdn...
AuthKeyHandler, 1805274472: 	Requesting pq...
ResponseHandler, 1805274472: 	Trying to assign a response of type ResPQ to its request...
ResponseHandler, 1805274472: 	Does the request of return type ResPQ match?
ResponseHandler, 1805274472: 	Yes
AuthKeyHandler, 1805274472: 	Could not find required CDN public key, postponing CDN handshake...
MTProto, 1805274472:        	Done initing authorization DC 203_cdn
MTProto, 1805274472:        	Initing authorization DC 2_media...
MTProto, 1805274472:        	Done initing authorization DC 2_media
MTProto, 1805274472:        	Initing authorization DC 4_media...
MTProto, 1805274472:        	Done initing authorization DC 4_media
MTProto, 1805274472:        	Not fetching phone config
MTProto, 1805274472:        	Not fetching phone config
TOS, 1805274472:            	Fetching TOS...
ResponseHandler, 1805274472: 	Received bad_msg_notification: incorrect server salt (in this case, the bad_server_salt response is received with the correct salt, and the message is to be re-sent with it)
MsgIdHandler64, 1805274472: 	Given message id (7051856328901965825) is bigger than or equal to the current limit (7051856328901957633). Please sync your date using NTP.
MTProto, 1805274472:        	Got new DC options, reconnecting
DataCenter, 1805274472:     	Reconnecting to DC 2 (-1) from existing
DataCenterConnection, 1805274472: 	Trying shared connection via tcp://149.154.167.51:443 main DC 2, via ipv4 using AbridgedStream => BufferedRawStream => DefaultStream (-1)
DataCenterConnection, 1805274472: 	Already connected!
DataCenter, 1805274472:     	OK!
DataCenter, 1805274472:     	Reconnecting to DC 1 (-1) from existing
DataCenterConnection, 1805274472: 	Trying shared connection via tcp://149.154.175.55:443 main DC 1, via ipv4 using AbridgedStream => BufferedRawStream => DefaultStream (-1)
DataCenterConnection, 1805274472: 	Already connected!
DataCenter, 1805274472:     	OK!
DataCenter, 1805274472:     	Reconnecting to DC 2_media (-1) from existing
DataCenterConnection, 1805274472: 	Trying shared connection via tcp://149.154.167.151:443 main DC 2_media, via ipv4 using AbridgedStream => BufferedRawStream => DefaultStream (-1)
DataCenterConnection, 1805274472: 	Already connected!
DataCenter, 1805274472:     	OK!
DataCenter, 1805274472:     	Reconnecting to DC 3 (-1) from existing
DataCenterConnection, 1805274472: 	Trying shared connection via tcp://149.154.175.100:443 main DC 3, via ipv4 using AbridgedStream => BufferedRawStream => DefaultStream (-1)
DataCenterConnection, 1805274472: 	Already connected!
DataCenter, 1805274472:     	OK!
DataCenter, 1805274472:     	Reconnecting to DC 4 (-1) from existing
DataCenterConnection, 1805274472: 	Trying shared connection via tcp://149.154.167.91:443 main DC 4, via ipv4 using AbridgedStream => BufferedRawStream => DefaultStream (-1)
DataCenterConnection, 1805274472: 	Already connected!
DataCenter, 1805274472:     	OK!
DataCenter, 1805274472:     	Reconnecting to DC 4_media (-1) from existing
DataCenterConnection, 1805274472: 	Trying shared connection via tcp://149.154.165.120:443 main DC 4_media, via ipv4 using AbridgedStream => BufferedRawStream => DefaultStream (-1)
DataCenterConnection, 1805274472: 	Already connected!
DataCenter, 1805274472:     	OK!
DataCenter, 1805274472:     	Reconnecting to DC 5 (-1) from existing
DataCenterConnection, 1805274472: 	Trying shared connection via tcp://91.108.56.173:443 main DC 5, via ipv4 using AbridgedStream => BufferedRawStream => DefaultStream (-1)
DataCenterConnection, 1805274472: 	Already connected!
DataCenter, 1805274472:     	OK!
DataCenter, 1805274472:     	Reconnecting to DC 203_cdn (-1) from existing
DataCenterConnection, 1805274472: 	Trying shared connection via tcp://91.105.192.100:443 main DC 203_cdn, via ipv4 using AbridgedStream => BufferedRawStream => DefaultStream (-1)
DataCenterConnection, 1805274472: 	Already connected!
DataCenter, 1805274472:     	OK!
MTProto, 1805274472:        	Initing authorization...
MTProto, 1805274472:        	Initing authorization DC 2...
MTProto, 1805274472:        	Done initing authorization DC 2
MTProto, 1805274472:        	Initing authorization DC 1...
MTProto, 1805274472:        	Done initing authorization DC 1
MTProto, 1805274472:        	Initing authorization DC 3...
MTProto, 1805274472:        	Done initing authorization DC 3
MTProto, 1805274472:        	Initing authorization DC 4...
MTProto, 1805274472:        	Done initing authorization DC 4
MTProto, 1805274472:        	Initing authorization DC 5...
MTProto, 1805274472:        	Done initing authorization DC 5
MTProto, 1805274472:        	Initing authorization DC 203_cdn...
AuthKeyHandler, 1805274472: 	Generating temporary authorization key for DC 203_cdn...
AuthKeyHandler, 1805274472: 	Requesting pq...
[11-Jan-2022 09:04:08 Europe/Berlin] Enabled PHP logging
UpdateHandler, 1805274472:  	Parsing updates (updateShort) received via the socket...
ResponseHandler, 1805274472: 	Trying to assign a response of type ResPQ to its request...
ResponseHandler, 1805274472: 	Does the request of return type ResPQ match?
ResponseHandler, 1805274472: 	Yes
AuthKeyHandler, 1805274472: 	Could not find required CDN public key, postponing CDN handshake...
MTProto, 1805274472:        	Done initing authorization DC 203_cdn
MTProto, 1805274472:        	Initing authorization DC 2_media...
MTProto, 1805274472:        	Done initing authorization DC 2_media
MTProto, 1805274472:        	Initing authorization DC 4_media...
MTProto, 1805274472:        	Done initing authorization DC 4_media
DataCenter, 1805274472:     	Reconnecting to DC 2 (-1) from existing
DataCenterConnection, 1805274472: 	Trying shared connection via tcp://149.154.167.51:443 main DC 2, via ipv4 using AbridgedStream => BufferedRawStream => DefaultStream (-1)
DataCenterConnection, 1805274472: 	Already connected!
DataCenter, 1805274472:     	OK!
DataCenter, 1805274472:     	Reconnecting to DC 1 (-1) from existing
DataCenterConnection, 1805274472: 	Trying shared connection via tcp://149.154.175.55:443 main DC 1, via ipv4 using AbridgedStream => BufferedRawStream => DefaultStream (-1)
DataCenterConnection, 1805274472: 	Already connected!
DataCenter, 1805274472:     	OK!
DataCenter, 1805274472:     	Reconnecting to DC 2_media (-1) from existing
DataCenterConnection, 1805274472: 	Trying shared connection via tcp://149.154.167.151:443 main DC 2_media, via ipv4 using AbridgedStream => BufferedRawStream => DefaultStream (-1)
DataCenterConnection, 1805274472: 	Already connected!
DataCenter, 1805274472:     	OK!
DataCenter, 1805274472:     	Reconnecting to DC 3 (-1) from existing
DataCenterConnection, 1805274472: 	Trying shared connection via tcp://149.154.175.100:443 main DC 3, via ipv4 using AbridgedStream => BufferedRawStream => DefaultStream (-1)
DataCenterConnection, 1805274472: 	Already connected!
DataCenter, 1805274472:     	OK!
DataCenter, 1805274472:     	Reconnecting to DC 4 (-1) from existing
DataCenterConnection, 1805274472: 	Trying shared connection via tcp://149.154.167.91:443 main DC 4, via ipv4 using AbridgedStream => BufferedRawStream => DefaultStream (-1)
DataCenterConnection, 1805274472: 	Already connected!
DataCenter, 1805274472:     	OK!
DataCenter, 1805274472:     	Reconnecting to DC 4_media (-1) from existing
DataCenterConnection, 1805274472: 	Trying shared connection via tcp://149.154.165.120:443 main DC 4_media, via ipv4 using AbridgedStream => BufferedRawStream => DefaultStream (-1)
DataCenterConnection, 1805274472: 	Already connected!
DataCenter, 1805274472:     	OK!
DataCenter, 1805274472:     	Reconnecting to DC 5 (-1) from existing
DataCenterConnection, 1805274472: 	Trying shared connection via tcp://91.108.56.173:443 main DC 5, via ipv4 using AbridgedStream => BufferedRawStream => DefaultStream (-1)
DataCenterConnection, 1805274472: 	Already connected!
DataCenter, 1805274472:     	OK!
DataCenter, 1805274472:     	Reconnecting to DC 203_cdn (-1) from existing
DataCenterConnection, 1805274472: 	Trying shared connection via tcp://91.105.192.100:443 main DC 203_cdn, via ipv4 using AbridgedStream => BufferedRawStream => DefaultStream (-1)
DataCenterConnection, 1805274472: 	Already connected!
DataCenter, 1805274472:     	OK!
MTProto, 1805274472:        	Initing authorization...
MTProto, 1805274472:        	Initing authorization DC 2...
MTProto, 1805274472:        	Done initing authorization DC 2
MTProto, 1805274472:        	Initing authorization DC 1...
MTProto, 1805274472:        	Done initing authorization DC 1
MTProto, 1805274472:        	Initing authorization DC 3...
MTProto, 1805274472:        	Done initing authorization DC 3
MTProto, 1805274472:        	Initing authorization DC 4...
MTProto, 1805274472:        	Done initing authorization DC 4
MTProto, 1805274472:        	Initing authorization DC 5...
MTProto, 1805274472:        	Done initing authorization DC 5
MTProto, 1805274472:        	Initing authorization DC 203_cdn...
AuthKeyHandler, 1805274472: 	Generating temporary authorization key for DC 203_cdn...
AuthKeyHandler, 1805274472: 	Requesting pq...
MTProto, 1805274472:        	Initing authorization...
MTProto, 1805274472:        	Initing authorization DC 2...
MTProto, 1805274472:        	Done initing authorization DC 2
MTProto, 1805274472:        	Initing authorization DC 1...
MTProto, 1805274472:        	Done initing authorization DC 1
MTProto, 1805274472:        	Initing authorization DC 3...
MTProto, 1805274472:        	Done initing authorization DC 3
MTProto, 1805274472:        	Initing authorization DC 4...
MTProto, 1805274472:        	Done initing authorization DC 4
MTProto, 1805274472:        	Initing authorization DC 5...
MTProto, 1805274472:        	Done initing authorization DC 5
MTProto, 1805274472:        	Initing authorization DC 2_media...
MTProto, 1805274472:        	Done initing authorization DC 2_media
MTProto, 1805274472:        	Initing authorization DC 4_media...
MTProto, 1805274472:        	Done initing authorization DC 4_media
MTProto, 1805274472:        	Starting update system
MTProto, 1805274472:        	Getting updates after deserialization...
API, 1805274472:            	MadelineProto is ready!
ResponseHandler, 1805274472: 	Trying to assign a response of type ResPQ to its request...
ResponseHandler, 1805274472: 	Does the request of return type ResPQ match?
ResponseHandler, 1805274472: 	Yes
AuthKeyHandler, 1805274472: 	Could not find required CDN public key, postponing CDN handshake...
MTProto, 1805274472:        	Done initing authorization DC 203_cdn
MTProto, 1805274472:        	Initing authorization DC 2_media...
MTProto, 1805274472:        	Done initing authorization DC 2_media
MTProto, 1805274472:        	Initing authorization DC 4_media...
MTProto, 1805274472:        	Done initing authorization DC 4_media
MTProto, 1805274472:        	Not fetching phone config
MTProto, 1805274472:        	Updated config!
MTProto, 1805274472:        	{
    "_": "config",
    "phonecalls_enabled": true,
    "default_p2p_contacts": true,
    "preload_featured_stickers": false,
    "ignore_phone_entities": false,
    "revoke_pm_inbox": true,
    "blocked_mode": false,
    "pfs_enabled": false,
    "date": 1641888248,
    "expires": 1641892055,
    "test_mode": false,
    "this_dc": 2,
    "dc_txt_domain_name": "apv3.stel.com",
    "chat_size_max": 200,
    "megagroup_size_max": 200000,
    "forwarded_count_max": 100,
    "online_update_period_ms": 210000,
    "offline_blur_timeout_ms": 5000,
    "offline_idle_timeout_ms": 30000,
    "online_cloud_timeout_ms": 300000,
    "notify_cloud_delay_ms": 30000,
    "notify_default_delay_ms": 1500,
    "push_chat_period_ms": 60000,
    "push_chat_limit": 2,
    "saved_gifs_limit": 200,
    "edit_time_limit": 172800,
    "revoke_time_limit": 2147483647,
    "revoke_pm_time_limit": 2147483647,
    "rating_e_decay": 2419200,
    "stickers_recent_limit": 200,
    "stickers_faved_limit": 5,
    "channels_read_media_period": 604800,
    "pinned_dialogs_count_max": 5,
    "pinned_infolder_count_max": 100,
    "call_receive_timeout_ms": 20000,
    "call_ring_timeout_ms": 90000,
    "call_connect_timeout_ms": 30000,
    "call_packet_timeout_ms": 10000,
    "me_url_prefix": "https://t.me/",
    "gif_search_username": "gif",
    "venue_search_username": "foursquare",
    "img_search_username": "bing",
    "caption_length_max": 1024,
    "message_length_max": 4096,
    "webfile_dc_id": 4
}
MTProto, 1805274472:        	{
    "_": "user",
    "self": true,
    "contact": false,
    "mutual_contact": false,
    "deleted": false,
    "bot": false,
    "bot_chat_history": false,
    "bot_nochats": false,
    "verified": false,
    "restricted": false,
    "min": false,
    "bot_inline_geo": false,
    "support": false,
    "scam": false,
    "apply_min_photo": true,
    "fake": false,
    "id": 1805274472,
    "access_hash": 8981816523502872550,
    "first_name": "\u041f\u043b\u043f\u043e\u0438",
    "last_name": "\u041c\u043e\u043c\u0438\u043c",
    "phone": "79262707906",
    "status": {
        "_": "userStatusOffline",
        "was_online": 1641811705
    }
}
Loop, 1805274472:           	Running async callable
Session, 1805274472:        	Garbage collected 4 incoming messages, 0 left
Session, 1805274472:        	Garbage collected 4 outgoing messages, 0 left
Session, 1805274472:        	Garbage collected 10 incoming messages, 0 left
Session, 1805274472:        	Garbage collected 10 outgoing messages, 1 left
UpdateHandler, 1805274472:  	Parsing updates (updateShortSentMessage) received via the socket...
Loop, 1805274472:           	Running async callable
UpdateHandler, 1805274472:  	Parsing updates (updateShortSentMessage) received via the socket...
FeedLoop, 1805274472:       	Resumed update feed loop generic
MsgIdHandler64, 1805274472: 	Given message id (7051856332690245633) is bigger than or equal to the current limit (7051856332690237441). Please sync your date using NTP.
MTProto, 1805274472:        	Starting update system
Loop, 1805274472:           	Starting event loop
Loop, 1805274472:           	Will self-restart
Loop, 1805274472:           	Adding restart callback!
Loop, 1805274472:           	Added restart callback with ID restarter!
Loop, 1805274472:           	Done webhost init process!
MTProto, 1805274472:        	The bot was started!
MTProto, 1805274472:        	Starting update system
Loop, 1805274472:           	Started update loop
FeedLoop, 1805274472:       	Getdiff fed me message of type message in update feed loop generic...
FeedLoop, 1805274472:       	Getdiff fed me message of type message in update feed loop generic...
FeedLoop, 1805274472:       	Getdiff fed me message of type message in update feed loop generic...
FeedLoop, 1805274472:       	Getdiff fed me message of type message in update feed loop generic...
FeedLoop, 1805274472:       	Getdiff fed me message of type message in update feed loop generic...
FeedLoop, 1805274472:       	Getdiff fed me message of type message in update feed loop generic...
FeedLoop, 1805274472:       	Getdiff fed me message of type message in update feed loop generic...
FeedLoop, 1805274472:       	Getdiff fed me message of type message in update feed loop generic...
FeedLoop, 1805274472:       	Getdiff fed me message of type message in update feed loop generic...
FeedLoop, 1805274472:       	Getdiff fed me message of type message in update feed loop generic...
FeedLoop, 1805274472:       	Getdiff fed me message of type message in update feed loop generic...
FeedLoop, 1805274472:       	Getdiff fed me message of type message in update feed loop generic...
FeedLoop, 1805274472:       	Getdiff fed me message of type message in update feed loop generic...
FeedLoop, 1805274472:       	Getdiff fed me message of type message in update feed loop generic...
FeedLoop, 1805274472:       	Getdiff fed me message of type message in update feed loop generic...
FeedLoop, 1805274472:       	Getdiff fed me message of type message in update feed loop generic...
FeedLoop, 1805274472:       	Getdiff fed me message of type message in update feed loop generic...
FeedLoop, 1805274472:       	Getdiff fed me message of type message in update feed loop generic...
FeedLoop, 1805274472:       	Getdiff fed me message of type message in update feed loop generic...
FeedLoop, 1805274472:       	Getdiff fed me message of type message in update feed loop generic...
FeedLoop, 1805274472:       	Getdiff fed me message of type message in update feed loop generic...
FeedLoop, 1805274472:       	Getdiff fed me message of type message in update feed loop generic...
FeedLoop, 1805274472:       	Getdiff fed me message of type message in update feed loop generic...
FeedLoop, 1805274472:       	Getdiff fed me message of type message in update feed loop generic...
FeedLoop, 1805274472:       	Getdiff fed me message of type message in update feed loop generic...
GarbageCollector, 1805274472: 	gc_collect_cycles done. Cleaned memory: 1 Mb
Session, 1805274472:        	Garbage collected 6 incoming messages, 0 left
Session, 1805274472:        	Garbage collected 6 outgoing messages, 0 left
UpdateHandler, 1805274472:  	Parsing updates (updateShort) received via the socket...
FeedLoop, 1805274472:       	Resumed update feed loop generic
UpdateHandler, 1805274472:  	Parsing updates (updates) received via the socket...
Session, 1805274472:        	Garbage collected 2 incoming messages, 0 left
UpdateHandler, 1805274472:  	Parsing updates (updateShort) received via the socket...
FeedLoop, 1805274472:       	Resumed update feed loop generic
Session, 1805274472:        	Garbage collected 1 incoming messages, 0 left
UpdateHandler, 1805274472:  	Parsing updates (updateShortChatMessage) received via the socket...
FeedLoop, 1805274472:       	Resumed update feed loop generic
Loop, 1805274472:           	Running async callable
UpdateHandler, 1805274472:  	Parsing updates (updateShortSentMessage) received via the socket...
FeedLoop, 1805274472:       	Resumed update feed loop generic
Session, 1805274472:        	Garbage collected 2 incoming messages, 0 left
Session, 1805274472:        	Garbage collected 2 outgoing messages, 0 left
UpdateHandler, 1805274472:  	Parsing updates (updates) received via the socket...
FeedLoop, 1805274472:       	Resumed update feed loop generic
Session, 1805274472:        	Garbage collected 1 incoming messages, 0 left
UpdateHandler, 1805274472:  	Parsing updates (updateShort) received via the socket...
FeedLoop, 1805274472:       	Resumed update feed loop generic
Session, 1805274472:        	Garbage collected 1 incoming messages, 0 left
UpdateHandler, 1805274472:  	Parsing updates (updateShort) received via the socket...
FeedLoop, 1805274472:       	Resumed update feed loop generic
Session, 1805274472:        	Garbage collected 1 incoming messages, 0 left
UpdateHandler, 1805274472:  	Parsing updates (updateShort) received via the socket...
FeedLoop, 1805274472:       	Resumed update feed loop generic
UpdateHandler, 1805274472:  	Parsing updates (updateShortChatMessage) received via the socket...
FeedLoop, 1805274472:       	Resumed update feed loop generic
Session, 1805274472:        	Garbage collected 2 incoming messages, 0 left
SessionPaths, 1805274472:   	Waiting for exclusive lock of C:\xampp\htdocs\OSINT\tg_sessions\bot1.safe.php.lock...
SessionPaths, 1805274472:   	Got exclusive lock of C:\xampp\htdocs\OSINT\tg_sessions\bot1.safe.php.lock...
SessionPaths, 1805274472:   	Waiting for exclusive lock of C:\xampp\htdocs\OSINT\tg_sessions\bot1.lightState.php.lock...
SessionPaths, 1805274472:   	Got exclusive lock of C:\xampp\htdocs\OSINT\tg_sessions\bot1.lightState.php.lock...
APIWrapper, 1805274472:     	Saved session!
UpdateHandler, 1805274472:  	Parsing updates (updateShort) received via the socket...
FeedLoop, 1805274472:       	Resumed update feed loop generic
Session, 1805274472:        	Garbage collected 1 incoming messages, 0 left
UpdateHandler, 1805274472:  	Parsing updates (updateShortChatMessage) received via the socket...
FeedLoop, 1805274472:       	Resumed update feed loop generic
Session, 1805274472:        	Garbage collected 1 incoming messages, 0 left
UpdateHandler, 1805274472:  	Parsing updates (updateShort) received via the socket...
FeedLoop, 1805274472:       	Resumed update feed loop generic
UpdateHandler, 1805274472:  	Parsing updates (updateShortChatMessage) received via the socket...
FeedLoop, 1805274472:       	Resumed update feed loop generic
Loop, 1805274472:           	Running async callable
Session, 1805274472:        	Garbage collected 2 incoming messages, 0 left
Session, 1805274472:        	Garbage collected 1 outgoing messages, 1 left
UpdateHandler, 1805274472:  	Parsing updates (updateShortSentMessage) received via the socket...
FeedLoop, 1805274472:       	Resumed update feed loop generic
UpdateHandler, 1805274472:  	Parsing updates (updateShort) received via the socket...
FeedLoop, 1805274472:       	Resumed update feed loop generic
Session, 1805274472:        	Garbage collected 2 incoming messages, 0 left
Session, 1805274472:        	Garbage collected 1 outgoing messages, 0 left
UpdateHandler, 1805274472:  	Parsing updates (updates) received via the socket...
FeedLoop, 1805274472:       	Resumed update feed loop generic
Session, 1805274472:        	Garbage collected 1 incoming messages, 0 left
SessionPaths, 1805274472:   	Waiting for exclusive lock of C:\xampp\htdocs\OSINT\tg_sessions\bot1.safe.php.lock...
SessionPaths, 1805274472:   	Got exclusive lock of C:\xampp\htdocs\OSINT\tg_sessions\bot1.safe.php.lock...
SessionPaths, 1805274472:   	Waiting for exclusive lock of C:\xampp\htdocs\OSINT\tg_sessions\bot1.lightState.php.lock...
SessionPaths, 1805274472:   	Got exclusive lock of C:\xampp\htdocs\OSINT\tg_sessions\bot1.lightState.php.lock...
APIWrapper, 1805274472:     	Saved session!
UpdateHandler, 1805274472:  	Parsing updates (updateShortChatMessage) received via the socket...
FeedLoop, 1805274472:       	Resumed update feed loop generic
Loop, 1805274472:           	Running async callable
UpdateHandler, 1805274472:  	Parsing updates (updateShortSentMessage) received via the socket...
FeedLoop, 1805274472:       	Resumed update feed loop generic
Session, 1805274472:        	Garbage collected 2 incoming messages, 0 left
Session, 1805274472:        	Garbage collected 2 outgoing messages, 0 left
UpdateHandler, 1805274472:  	Parsing updates (updates) received via the socket...
FeedLoop, 1805274472:       	Resumed update feed loop generic
Session, 1805274472:        	Garbage collected 1 incoming messages, 0 left
UpdateHandler, 1805274472:  	Parsing updates (updateShort) received via the socket...
FeedLoop, 1805274472:       	Resumed update feed loop generic
Session, 1805274472:        	Garbage collected 1 incoming messages, 0 left
UpdateHandler, 1805274472:  	Parsing updates (updateShort) received via the socket...
FeedLoop, 1805274472:       	Resumed update feed loop generic
UpdateHandler, 1805274472:  	Parsing updates (updateShortChatMessage) received via the socket...
FeedLoop, 1805274472:       	Resumed update feed loop generic
Session, 1805274472:        	Garbage collected 2 incoming messages, 0 left
UpdateHandler, 1805274472:  	Parsing updates (updateShort) received via the socket...
FeedLoop, 1805274472:       	Resumed update feed loop generic
Session, 1805274472:        	Garbage collected 1 incoming messages, 0 left
UpdateHandler, 1805274472:  	Parsing updates (updateShort) received via the socket...
FeedLoop, 1805274472:       	Resumed update feed loop generic
Session, 1805274472:        	Garbage collected 1 incoming messages, 0 left
UpdateHandler, 1805274472:  	Parsing updates (updateShortChatMessage) received via the socket...
FeedLoop, 1805274472:       	Resumed update feed loop generic
Session, 1805274472:        	Garbage collected 1 incoming messages, 0 left
SessionPaths, 1805274472:   	Waiting for exclusive lock of C:\xampp\htdocs\OSINT\tg_sessions\bot1.safe.php.lock...
SessionPaths, 1805274472:   	Got exclusive lock of C:\xampp\htdocs\OSINT\tg_sessions\bot1.safe.php.lock...
SessionPaths, 1805274472:   	Waiting for exclusive lock of C:\xampp\htdocs\OSINT\tg_sessions\bot1.lightState.php.lock...
SessionPaths, 1805274472:   	Got exclusive lock of C:\xampp\htdocs\OSINT\tg_sessions\bot1.lightState.php.lock...
APIWrapper, 1805274472:     	Saved session!
UpdateHandler, 1805274472:  	Parsing updates (updateShort) received via the socket...
FeedLoop, 1805274472:       	Resumed update feed loop generic
UpdateHandler, 1805274472:  	Parsing updates (updateShort) received via the socket...
FeedLoop, 1805274472:       	Resumed update feed loop generic
Session, 1805274472:        	Garbage collected 2 incoming messages, 0 left
UpdateHandler, 1805274472:  	Parsing updates (updateShortChatMessage) received via the socket...
FeedLoop, 1805274472:       	Resumed update feed loop generic
Session, 1805274472:        	Garbage collected 1 incoming messages, 0 left
UpdateHandler, 1805274472:  	Parsing updates (updateShort) received via the socket...
FeedLoop, 1805274472:       	Resumed update feed loop generic
Session, 1805274472:        	Garbage collected 1 incoming messages, 0 left
UpdateHandler, 1805274472:  	Parsing updates (updateShort) received via the socket...
FeedLoop, 1805274472:       	Resumed update feed loop generic
Session, 1805274472:        	Garbage collected 1 incoming messages, 0 left
UpdateHandler, 1805274472:  	Parsing updates (updateShort) received via the socket...
FeedLoop, 1805274472:       	Resumed update feed loop generic
Session, 1805274472:        	Garbage collected 1 incoming messages, 0 left
UpdateHandler, 1805274472:  	Parsing updates (updateShortChatMessage) received via the socket...
FeedLoop, 1805274472:       	Resumed update feed loop generic
Loop, 1805274472:           	Running async callable
UpdateHandler, 1805274472:  	Parsing updates (updateShortSentMessage) received via the socket...
FeedLoop, 1805274472:       	Resumed update feed loop generic
Session, 1805274472:        	Garbage collected 2 incoming messages, 0 left
Session, 1805274472:        	Garbage collected 2 outgoing messages, 0 left
UpdateHandler, 1805274472:  	Parsing updates (updates) received via the socket...
FeedLoop, 1805274472:       	Resumed update feed loop generic
Session, 1805274472:        	Garbage collected 1 incoming messages, 0 left
UpdateHandler, 1805274472:  	Parsing updates (updateShort) received via the socket...
FeedLoop, 1805274472:       	Resumed update feed loop generic
Session, 1805274472:        	Garbage collected 1 incoming messages, 0 left
SessionPaths, 1805274472:   	Waiting for exclusive lock of C:\xampp\htdocs\OSINT\tg_sessions\bot1.safe.php.lock...
SessionPaths, 1805274472:   	Got exclusive lock of C:\xampp\htdocs\OSINT\tg_sessions\bot1.safe.php.lock...
SessionPaths, 1805274472:   	Waiting for exclusive lock of C:\xampp\htdocs\OSINT\tg_sessions\bot1.lightState.php.lock...
SessionPaths, 1805274472:   	Got exclusive lock of C:\xampp\htdocs\OSINT\tg_sessions\bot1.lightState.php.lock...
APIWrapper, 1805274472:     	Saved session!
UpdateHandler, 1805274472:  	Parsing updates (updateShort) received via the socket...
FeedLoop, 1805274472:       	Resumed update feed loop generic
Session, 1805274472:        	Garbage collected 1 incoming messages, 0 left
SessionPaths, 1805274472:   	Waiting for exclusive lock of C:\xampp\htdocs\OSINT\tg_sessions\bot1.safe.php.lock...
SessionPaths, 1805274472:   	Got exclusive lock of C:\xampp\htdocs\OSINT\tg_sessions\bot1.safe.php.lock...
SessionPaths, 1805274472:   	Waiting for exclusive lock of C:\xampp\htdocs\OSINT\tg_sessions\bot1.lightState.php.lock...
SessionPaths, 1805274472:   	Got exclusive lock of C:\xampp\htdocs\OSINT\tg_sessions\bot1.lightState.php.lock...
APIWrapper, 1805274472:     	Saved session!
UpdateHandler, 1805274472:  	Parsing updates (updateShort) received via the socket...
FeedLoop, 1805274472:       	Resumed update feed loop generic
Session, 1805274472:        	Garbage collected 1 incoming messages, 0 left
